2025-04-23T09:40:03.060-03:00  WARN 20380 --- [libraryapi] [library-db-poll housekeeper] com.zaxxer.hikari.pool.HikariPool        : library-db-poll - Thread starvation or clock leap detected (housekeeper delta=9h31m48s938ms982µs900ns).
2025-04-23T10:37:39.333-03:00 TRACE 20380 --- [libraryapi] [http-nio-8080-exec-3] o.s.security.web.FilterChainProxy        : Trying to match request against DefaultSecurityFilterChain [RequestMatcher=Deferred [Mvc [pattern='/v2/api-docs/**'], Ant [pattern='/v2/api-docs/**']], Filters=[]] (1/9)
2025-04-23T10:37:39.347-03:00 TRACE 20380 --- [libraryapi] [http-nio-8080-exec-3] o.s.security.web.FilterChainProxy        : Trying to match request against DefaultSecurityFilterChain [RequestMatcher=Deferred [Mvc [pattern='/v3/api-docs/**'], Ant [pattern='/v3/api-docs/**']], Filters=[]] (2/9)
2025-04-23T10:37:39.348-03:00 TRACE 20380 --- [libraryapi] [http-nio-8080-exec-3] o.s.security.web.FilterChainProxy        : Trying to match request against DefaultSecurityFilterChain [RequestMatcher=Deferred [Mvc [pattern='/swagger-resources/**'], Ant [pattern='/swagger-resources/**']], Filters=[]] (3/9)
2025-04-23T10:37:39.349-03:00 TRACE 20380 --- [libraryapi] [http-nio-8080-exec-3] o.s.security.web.FilterChainProxy        : Trying to match request against DefaultSecurityFilterChain [RequestMatcher=Deferred [Mvc [pattern='/swagger-ui.html'], Ant [pattern='/swagger-ui.html']], Filters=[]] (4/9)
2025-04-23T10:37:39.349-03:00 TRACE 20380 --- [libraryapi] [http-nio-8080-exec-3] o.s.security.web.FilterChainProxy        : Trying to match request against DefaultSecurityFilterChain [RequestMatcher=Deferred [Mvc [pattern='/swagger-ui/**'], Ant [pattern='/swagger-ui/**']], Filters=[]] (5/9)
2025-04-23T10:37:39.350-03:00 TRACE 20380 --- [libraryapi] [http-nio-8080-exec-3] o.s.security.web.FilterChainProxy        : Trying to match request against DefaultSecurityFilterChain [RequestMatcher=Deferred [Mvc [pattern='webjars/**'], Ant [pattern='webjars/**']], Filters=[]] (6/9)
2025-04-23T10:37:39.350-03:00 TRACE 20380 --- [libraryapi] [http-nio-8080-exec-3] o.s.security.web.FilterChainProxy        : Trying to match request against DefaultSecurityFilterChain [RequestMatcher=Deferred [Mvc [pattern='/actuator/**'], Ant [pattern='/actuator/**']], Filters=[]] (7/9)
2025-04-23T10:37:39.357-03:00 TRACE 20380 --- [libraryapi] [http-nio-8080-exec-3] o.s.security.web.FilterChainProxy        : Trying to match request against DefaultSecurityFilterChain [RequestMatcher=org.springframework.security.oauth2.server.authorization.config.annotation.web.configurers.OAuth2AuthorizationServerConfigurer$$Lambda/0x000001f381b75190@1cbb101b, Filters=[org.springframework.security.web.session.DisableEncodeUrlFilter@75d70dc9, org.springframework.security.web.context.request.async.WebAsyncManagerIntegrationFilter@7d403e1d, org.springframework.security.web.context.SecurityContextHolderFilter@c0248df, org.springframework.security.oauth2.server.authorization.config.annotation.web.configurers.AuthorizationServerContextFilter@123a0b95, org.springframework.security.web.header.HeaderWriterFilter@13cdee45, org.springframework.security.web.csrf.CsrfFilter@6129f50e, org.springframework.security.oauth2.server.authorization.oidc.web.OidcLogoutEndpointFilter@6c00f72a, org.springframework.security.web.authentication.logout.LogoutFilter@6bddd4ce, org.springframework.security.oauth2.server.authorization.web.OAuth2AuthorizationServerMetadataEndpointFilter@37844399, org.springframework.security.oauth2.server.authorization.web.OAuth2AuthorizationEndpointFilter@17839acd, org.springframework.security.oauth2.server.authorization.web.OAuth2DeviceVerificationEndpointFilter@1676f27f, org.springframework.security.oauth2.server.authorization.oidc.web.OidcProviderConfigurationEndpointFilter@791d785c, org.springframework.security.oauth2.server.authorization.web.NimbusJwkSetEndpointFilter@c7b276, org.springframework.security.oauth2.server.authorization.web.OAuth2ClientAuthenticationFilter@7e6833c6, org.springframework.security.web.authentication.UsernamePasswordAuthenticationFilter@109fa8e2, org.springframework.security.oauth2.server.resource.web.authentication.BearerTokenAuthenticationFilter@2939bfa0, org.springframework.security.web.savedrequest.RequestCacheAwareFilter@15bb3db9, org.springframework.security.web.servletapi.SecurityContextHolderAwareRequestFilter@2ca3ce56, org.springframework.security.web.authentication.AnonymousAuthenticationFilter@1ab1fb5d, org.springframework.security.web.access.ExceptionTranslationFilter@122e63ae, org.springframework.security.web.access.intercept.AuthorizationFilter@30ca1686, org.springframework.security.oauth2.server.authorization.web.OAuth2TokenEndpointFilter@2bab73fd, org.springframework.security.oauth2.server.authorization.web.OAuth2TokenIntrospectionEndpointFilter@b9aca74, org.springframework.security.oauth2.server.authorization.web.OAuth2TokenRevocationEndpointFilter@79a1730e, org.springframework.security.oauth2.server.authorization.web.OAuth2DeviceAuthorizationEndpointFilter@66ac3957, org.springframework.security.oauth2.server.authorization.oidc.web.OidcUserInfoEndpointFilter@4b330722]] (8/9)
2025-04-23T10:37:39.366-03:00 TRACE 20380 --- [libraryapi] [http-nio-8080-exec-3] o.s.security.web.FilterChainProxy        : Trying to match request against DefaultSecurityFilterChain [RequestMatcher=any request, Filters=[org.springframework.security.web.session.DisableEncodeUrlFilter@71e7b96b, org.springframework.security.web.context.request.async.WebAsyncManagerIntegrationFilter@3c935bdb, org.springframework.security.web.context.SecurityContextHolderFilter@4d5dc037, org.springframework.security.web.header.HeaderWriterFilter@18a8a42b, org.springframework.security.web.authentication.logout.LogoutFilter@7da298aa, org.springframework.security.oauth2.client.web.OAuth2AuthorizationRequestRedirectFilter@728055bf, org.springframework.security.oauth2.client.web.OAuth2LoginAuthenticationFilter@4fa7df5c, org.springframework.security.web.authentication.UsernamePasswordAuthenticationFilter@9edb372, org.springframework.security.oauth2.server.resource.web.authentication.BearerTokenAuthenticationFilter@42530cd6, io.github.LorranFernandes.libraryapi.security.JwtCustomAuthenticationFilter@6db160b4, org.springframework.security.web.savedrequest.RequestCacheAwareFilter@500497e3, org.springframework.security.web.servletapi.SecurityContextHolderAwareRequestFilter@309d298, org.springframework.security.web.authentication.AnonymousAuthenticationFilter@405f3a82, org.springframework.security.web.access.ExceptionTranslationFilter@7dd5d17a, org.springframework.security.web.access.intercept.AuthorizationFilter@77ea06bb]] (9/9)
2025-04-23T10:37:39.369-03:00 DEBUG 20380 --- [libraryapi] [http-nio-8080-exec-3] o.s.security.web.FilterChainProxy        : Securing GET /login
2025-04-23T10:37:39.374-03:00 TRACE 20380 --- [libraryapi] [http-nio-8080-exec-3] o.s.security.web.FilterChainProxy        : Invoking DisableEncodeUrlFilter (1/15)
2025-04-23T10:37:39.394-03:00 TRACE 20380 --- [libraryapi] [http-nio-8080-exec-3] o.s.security.web.FilterChainProxy        : Invoking WebAsyncManagerIntegrationFilter (2/15)
2025-04-23T10:37:39.398-03:00 TRACE 20380 --- [libraryapi] [http-nio-8080-exec-3] o.s.security.web.FilterChainProxy        : Invoking SecurityContextHolderFilter (3/15)
2025-04-23T10:37:39.401-03:00 TRACE 20380 --- [libraryapi] [http-nio-8080-exec-3] o.s.security.web.FilterChainProxy        : Invoking HeaderWriterFilter (4/15)
2025-04-23T10:37:39.402-03:00 TRACE 20380 --- [libraryapi] [http-nio-8080-exec-3] o.s.security.web.FilterChainProxy        : Invoking LogoutFilter (5/15)
2025-04-23T10:37:39.404-03:00 TRACE 20380 --- [libraryapi] [http-nio-8080-exec-3] o.s.s.w.a.logout.LogoutFilter            : Did not match request to Or [Ant [pattern='/logout', GET], Ant [pattern='/logout', POST], Ant [pattern='/logout', PUT], Ant [pattern='/logout', DELETE]]
2025-04-23T10:37:39.405-03:00 TRACE 20380 --- [libraryapi] [http-nio-8080-exec-3] o.s.security.web.FilterChainProxy        : Invoking OAuth2AuthorizationRequestRedirectFilter (6/15)
2025-04-23T10:37:39.406-03:00 TRACE 20380 --- [libraryapi] [http-nio-8080-exec-3] o.s.security.web.FilterChainProxy        : Invoking OAuth2LoginAuthenticationFilter (7/15)
2025-04-23T10:37:39.407-03:00 TRACE 20380 --- [libraryapi] [http-nio-8080-exec-3] .s.o.c.w.OAuth2LoginAuthenticationFilter : Did not match request to Ant [pattern='/login/oauth2/code/*']
2025-04-23T10:37:39.407-03:00 TRACE 20380 --- [libraryapi] [http-nio-8080-exec-3] o.s.security.web.FilterChainProxy        : Invoking UsernamePasswordAuthenticationFilter (8/15)
2025-04-23T10:37:39.407-03:00 TRACE 20380 --- [libraryapi] [http-nio-8080-exec-3] w.a.UsernamePasswordAuthenticationFilter : Did not match request to Ant [pattern='/login', POST]
2025-04-23T10:37:39.408-03:00 TRACE 20380 --- [libraryapi] [http-nio-8080-exec-3] o.s.security.web.FilterChainProxy        : Invoking BearerTokenAuthenticationFilter (9/15)
2025-04-23T10:37:39.413-03:00 TRACE 20380 --- [libraryapi] [http-nio-8080-exec-3] .s.r.w.a.BearerTokenAuthenticationFilter : Did not process request since did not find bearer token
2025-04-23T10:37:39.413-03:00 TRACE 20380 --- [libraryapi] [http-nio-8080-exec-3] o.s.security.web.FilterChainProxy        : Invoking JwtCustomAuthenticationFilter (10/15)
2025-04-23T10:37:39.414-03:00 TRACE 20380 --- [libraryapi] [http-nio-8080-exec-3] w.c.HttpSessionSecurityContextRepository : No HttpSession currently exists
2025-04-23T10:37:39.415-03:00 TRACE 20380 --- [libraryapi] [http-nio-8080-exec-3] .s.s.w.c.SupplierDeferredSecurityContext : Created SecurityContextImpl [Null authentication]
2025-04-23T10:37:39.416-03:00 TRACE 20380 --- [libraryapi] [http-nio-8080-exec-3] .s.s.w.c.SupplierDeferredSecurityContext : Created SecurityContextImpl [Null authentication]
2025-04-23T10:37:39.416-03:00 TRACE 20380 --- [libraryapi] [http-nio-8080-exec-3] o.s.security.web.FilterChainProxy        : Invoking RequestCacheAwareFilter (11/15)
2025-04-23T10:37:39.416-03:00 TRACE 20380 --- [libraryapi] [http-nio-8080-exec-3] o.s.s.w.s.HttpSessionRequestCache        : matchingRequestParameterName is required for getMatchingRequest to lookup a value, but not provided
2025-04-23T10:37:39.416-03:00 TRACE 20380 --- [libraryapi] [http-nio-8080-exec-3] o.s.security.web.FilterChainProxy        : Invoking SecurityContextHolderAwareRequestFilter (12/15)
2025-04-23T10:37:39.417-03:00 TRACE 20380 --- [libraryapi] [http-nio-8080-exec-3] o.s.security.web.FilterChainProxy        : Invoking AnonymousAuthenticationFilter (13/15)
2025-04-23T10:37:39.419-03:00 TRACE 20380 --- [libraryapi] [http-nio-8080-exec-3] o.s.security.web.FilterChainProxy        : Invoking ExceptionTranslationFilter (14/15)
2025-04-23T10:37:39.420-03:00 TRACE 20380 --- [libraryapi] [http-nio-8080-exec-3] o.s.security.web.FilterChainProxy        : Invoking AuthorizationFilter (15/15)
2025-04-23T10:37:39.423-03:00 TRACE 20380 --- [libraryapi] [http-nio-8080-exec-3] estMatcherDelegatingAuthorizationManager : Authorizing GET /login
2025-04-23T10:37:39.424-03:00 TRACE 20380 --- [libraryapi] [http-nio-8080-exec-3] estMatcherDelegatingAuthorizationManager : Checking authorization on GET /login using org.springframework.security.config.annotation.web.configurers.AuthorizeHttpRequestsConfigurer$$Lambda/0x000001f381b757e0@5801fe46
2025-04-23T10:37:39.436-03:00 DEBUG 20380 --- [libraryapi] [http-nio-8080-exec-3] o.s.security.web.FilterChainProxy        : Secured GET /login
2025-04-23T10:37:39.445-03:00 DEBUG 20380 --- [libraryapi] [http-nio-8080-exec-3] o.s.web.servlet.DispatcherServlet        : GET "/login", parameters={}
2025-04-23T10:37:39.452-03:00 DEBUG 20380 --- [libraryapi] [http-nio-8080-exec-3] o.s.w.s.handler.SimpleUrlHandlerMapping  : Mapped to ParameterizableViewController [view="login"]
2025-04-23T10:37:39.597-03:00 TRACE 20380 --- [libraryapi] [http-nio-8080-exec-3] o.s.s.w.header.writers.HstsHeaderWriter  : Not injecting HSTS header since it did not match request to [Is Secure]
2025-04-23T10:37:39.639-03:00 DEBUG 20380 --- [libraryapi] [http-nio-8080-exec-3] o.s.web.servlet.DispatcherServlet        : Completed 200 OK
2025-04-23T10:37:39.641-03:00 TRACE 20380 --- [libraryapi] [http-nio-8080-exec-3] o.s.s.w.a.AnonymousAuthenticationFilter  : Set SecurityContextHolder to AnonymousAuthenticationToken [Principal=anonymousUser, Credentials=[PROTECTED], Authenticated=true, Details=WebAuthenticationDetails [RemoteIpAddress=0:0:0:0:0:0:0:1, SessionId=null], Granted Authorities=[ROLE_ANONYMOUS]]
2025-04-23T11:36:25.113-03:00  WARN 20380 --- [libraryapi] [library-db-poll housekeeper] com.zaxxer.hikari.pool.HikariPool        : library-db-poll - Thread starvation or clock leap detected (housekeeper delta=27m20s927ms268µs600ns).
2025-04-23T12:01:32.694-03:00  WARN 20380 --- [libraryapi] [library-db-poll housekeeper] com.zaxxer.hikari.pool.HikariPool        : library-db-poll - Thread starvation or clock leap detected (housekeeper delta=14m37s423ms13µs200ns).
2025-04-23T12:59:58.107-03:00  WARN 20380 --- [libraryapi] [library-db-poll housekeeper] com.zaxxer.hikari.pool.HikariPool        : library-db-poll - Thread starvation or clock leap detected (housekeeper delta=47m55s307ms620µs900ns).
2025-04-23T13:38:42.403-03:00  WARN 20380 --- [libraryapi] [library-db-poll housekeeper] com.zaxxer.hikari.pool.HikariPool        : library-db-poll - Thread starvation or clock leap detected (housekeeper delta=23m44s102ms334µs).
2025-04-23T15:16:13.201-03:00  WARN 20380 --- [libraryapi] [library-db-poll housekeeper] com.zaxxer.hikari.pool.HikariPool        : library-db-poll - Thread starvation or clock leap detected (housekeeper delta=1h27m649ms288µs200ns).
2025-04-23T18:24:14.734-03:00  WARN 20380 --- [libraryapi] [library-db-poll housekeeper] com.zaxxer.hikari.pool.HikariPool        : library-db-poll - Thread starvation or clock leap detected (housekeeper delta=31m29s153ms26µs800ns).
